<?xml version="1.0" encoding="UTF-8"?>
<!-- Generated by org.testng.reporters.JUnitReportReporter -->
<testsuite hostname="hp" failures="0" tests="1" name="com.actitime.timetrack.Demo" time="0.006" errors="0" timestamp="2020-08-07T20:46:06 IST" skipped="0">
  <testcase classname="com.actitime.timetrack.Demo" name="run" time="0.006"/>
  <system-out/>
</testsuite> <!-- com.actitime.timetrack.Demo -->
